<?xml version="1.0" encoding="UTF-8"?>
<!-- Generated by org.testng.reporters.JUnitReportReporter -->
<testsuite hostname="DESKTOP-UGIALJB" failures="1" tests="3" name="cucumberOptions.TestNGTestRunner" time="54.362" errors="0" timestamp="2024-07-06T00:54:51 IST" skipped="0">
  <testcase classname="cucumberOptions.TestNGTestRunner" name="runScenario" time="18.128">
    <failure message="expected [No data] but found [Beetroot]" type="java.lang.AssertionError">
      <![CDATA[java.lang.AssertionError: expected [No data] but found [Beetroot]
at org.testng.Assert.fail(Assert.java:111)
at org.testng.Assert.failNotEquals(Assert.java:1578)
at org.testng.Assert.assertEqualsImpl(Assert.java:150)
at org.testng.Assert.assertEquals(Assert.java:132)
at org.testng.Assert.assertEquals(Assert.java:656)
at org.testng.Assert.assertEquals(Assert.java:666)
at stepDefinitions.OffersPageStepDefinition.Validate_product_name_matches_with_Landing_Page(OffersPageStepDefinition.java:61)
at ✽.Validate product name in offers page matches with Landing Page(file:///E:/Pooja/Workspaces/Java_Selenium/Jan_2024/CucumberFramework/src/test/java/features/searchProduct.feature:9)
]]>
    </failure>
  </testcase> <!-- runScenario -->
  <testcase classname="cucumberOptions.TestNGTestRunner" name="runScenario" time="18.132"/>
  <testcase classname="cucumberOptions.TestNGTestRunner" name="runScenario" time="18.102"/>
</testsuite> <!-- cucumberOptions.TestNGTestRunner -->
